app/build/intermediates/manifest_merge_blame_file/debug/processDebugMainManifest/manifest-merger-blame-debug-report.txt
1<?xml version="1.0" encoding="utf-8"?>
2<manifest xmlns:android="http://schemas.android.com/apk/res/android"
3    package="pro.sketchware"
4    android:versionCode="150"
5    android:versionName="v7.0.0" >
6
7    <uses-sdk
8        android:minSdkVersion="26"
9        android:targetSdkVersion="28" />
10
11    <uses-permission android:name="android.permission.ACCESS_NETWORK_STATE" />
11-->src\main\AndroidManifest.xml:5:5-79
11-->src\main\AndroidManifest.xml:5:22-76
12    <uses-permission android:name="android.permission.ACCESS_WIFI_STATE" />
12-->src\main\AndroidManifest.xml:6:5-76
12-->src\main\AndroidManifest.xml:6:22-73
13    <uses-permission android:name="android.permission.VIBRATE" />
13-->src\main\AndroidManifest.xml:7:5-66
13-->src\main\AndroidManifest.xml:7:22-63
14    <uses-permission android:name="android.permission.READ_EXTERNAL_STORAGE" />
14-->src\main\AndroidManifest.xml:8:5-80
14-->src\main\AndroidManifest.xml:8:22-77
15    <uses-permission android:name="android.permission.WRITE_EXTERNAL_STORAGE" />
15-->src\main\AndroidManifest.xml:9:5-81
15-->src\main\AndroidManifest.xml:9:22-78
16    <uses-permission android:name="android.permission.MANAGE_EXTERNAL_STORAGE" />
16-->src\main\AndroidManifest.xml:10:5-12:40
16-->src\main\AndroidManifest.xml:11:9-66
17    <uses-permission android:name="android.permission.INTERNET" />
17-->src\main\AndroidManifest.xml:13:5-67
17-->src\main\AndroidManifest.xml:13:22-64
18    <uses-permission android:name="android.permission.WAKE_LOCK" />
18-->src\main\AndroidManifest.xml:14:5-68
18-->src\main\AndroidManifest.xml:14:22-65
19    <uses-permission android:name="android.permission.REQUEST_INSTALL_PACKAGES" />
19-->src\main\AndroidManifest.xml:15:5-83
19-->src\main\AndroidManifest.xml:15:22-80
20    <uses-permission android:name="android.permission.POST_NOTIFICATIONS" />
20-->src\main\AndroidManifest.xml:16:5-77
20-->src\main\AndroidManifest.xml:16:22-74
21    <uses-permission android:name="android.permission.FOREGROUND_SERVICE" />
21-->src\main\AndroidManifest.xml:17:5-77
21-->src\main\AndroidManifest.xml:17:22-74
22    <uses-permission android:name="android.permission.FOREGROUND_SERVICE_DATA_SYNC" />
22-->src\main\AndroidManifest.xml:18:5-87
22-->src\main\AndroidManifest.xml:18:22-84
23
24    <!-- Required by older versions of Google Play services to create IID tokens -->
25    <uses-permission android:name="com.google.android.c2dm.permission.RECEIVE" />
25-->[com.google.firebase:firebase-messaging:25.0.1] AndroidManifest.xml:26:5-82
25-->[com.google.firebase:firebase-messaging:25.0.1] AndroidManifest.xml:26:22-79
26    <uses-permission android:name="com.google.android.finsky.permission.BIND_GET_INSTALL_REFERRER_SERVICE" />
26-->[com.google.android.gms:play-services-measurement:23.0.0] AndroidManifest.xml:26:5-110
26-->[com.google.android.gms:play-services-measurement:23.0.0] AndroidManifest.xml:26:22-107
27    <uses-permission android:name="com.google.android.gms.permission.AD_ID" />
27-->[com.google.android.gms:play-services-measurement-api:23.0.0] AndroidManifest.xml:25:5-79
27-->[com.google.android.gms:play-services-measurement-api:23.0.0] AndroidManifest.xml:25:22-76
28    <uses-permission android:name="android.permission.ACCESS_ADSERVICES_ATTRIBUTION" />
28-->[com.google.android.gms:play-services-measurement-api:23.0.0] AndroidManifest.xml:26:5-88
28-->[com.google.android.gms:play-services-measurement-api:23.0.0] AndroidManifest.xml:26:22-85
29    <uses-permission android:name="android.permission.ACCESS_ADSERVICES_AD_ID" />
29-->[com.google.android.gms:play-services-measurement-api:23.0.0] AndroidManifest.xml:27:5-82
29-->[com.google.android.gms:play-services-measurement-api:23.0.0] AndroidManifest.xml:27:22-79
30
31    <permission
31-->[androidx.core:core:1.16.0] AndroidManifest.xml:22:5-24:47
32        android:name="pro.sketchware.DYNAMIC_RECEIVER_NOT_EXPORTED_PERMISSION"
32-->[androidx.core:core:1.16.0] AndroidManifest.xml:23:9-81
33        android:protectionLevel="signature" />
33-->[androidx.core:core:1.16.0] AndroidManifest.xml:24:9-44
34
35    <uses-permission android:name="pro.sketchware.DYNAMIC_RECEIVER_NOT_EXPORTED_PERMISSION" />
35-->[androidx.core:core:1.16.0] AndroidManifest.xml:26:5-97
35-->[androidx.core:core:1.16.0] AndroidManifest.xml:26:22-94
36
37    <application
37-->src\main\AndroidManifest.xml:20:5-364:19
38        android:name="pro.sketchware.SketchApplication"
38-->src\main\AndroidManifest.xml:21:9-42
39        android:allowBackup="true"
39-->src\main\AndroidManifest.xml:22:9-35
40        android:appComponentFactory="androidx.core.app.CoreComponentFactory"
40-->src\main\AndroidManifest.xml:23:9-77
41        android:debuggable="true"
42        android:extractNativeLibs="false"
43        android:icon="@mipmap/ic_launcher"
43-->src\main\AndroidManifest.xml:24:9-43
44        android:label="@string/app_name"
44-->src\main\AndroidManifest.xml:25:9-41
45        android:largeHeap="true"
45-->src\main\AndroidManifest.xml:26:9-33
46        android:requestLegacyExternalStorage="true"
46-->src\main\AndroidManifest.xml:27:9-52
47        android:theme="@style/Theme.SketchwarePro"
47-->src\main\AndroidManifest.xml:28:9-51
48        android:usesCleartextTraffic="true" >
48-->src\main\AndroidManifest.xml:29:9-44
49        <activity
49-->src\main\AndroidManifest.xml:31:9-35:58
50            android:name="pro.sketchware.activities.iconcreator.IconCreatorActivity"
50-->src\main\AndroidManifest.xml:32:13-71
51            android:exported="false"
51-->src\main\AndroidManifest.xml:33:13-37
52            android:label="@string/title_activity_icon_creator"
52-->src\main\AndroidManifest.xml:34:13-64
53            android:theme="@style/Theme.SketchwarePro" />
53-->src\main\AndroidManifest.xml:35:13-55
54
55        <provider
56            android:name="androidx.core.content.FileProvider"
56-->src\main\AndroidManifest.xml:38:13-62
57            android:authorities="pro.sketchware.provider"
57-->src\main\AndroidManifest.xml:39:13-60
58            android:exported="false"
58-->src\main\AndroidManifest.xml:40:13-37
59            android:grantUriPermissions="true" >
59-->src\main\AndroidManifest.xml:41:13-47
60            <meta-data
60-->src\main\AndroidManifest.xml:42:13-44:58
61                android:name="android.support.FILE_PROVIDER_PATHS"
61-->src\main\AndroidManifest.xml:43:17-67
62                android:resource="@xml/provider_paths" />
62-->src\main\AndroidManifest.xml:44:17-55
63        </provider>
64
65        <activity
65-->src\main\AndroidManifest.xml:47:9-49:62
66            android:name="com.besome.sketch.common.SrcViewerActivity"
66-->src\main\AndroidManifest.xml:48:13-70
67            android:configChanges="orientation|screenSize" />
67-->src\main\AndroidManifest.xml:49:13-59
68        <activity
68-->src\main\AndroidManifest.xml:50:9-53:57
69            android:name="pro.sketchware.activities.importicon.ImportIconActivity"
69-->src\main\AndroidManifest.xml:51:13-83
70            android:configChanges="orientation|screenSize"
70-->src\main\AndroidManifest.xml:52:13-59
71            android:windowSoftInputMode="stateHidden" />
71-->src\main\AndroidManifest.xml:53:13-54
72        <activity android:name="com.besome.sketch.help.LicenseActivity" />
72-->src\main\AndroidManifest.xml:54:9-75
72-->src\main\AndroidManifest.xml:54:19-72
73        <activity android:name="com.besome.sketch.help.ProgramInfoActivity" />
73-->src\main\AndroidManifest.xml:55:9-79
73-->src\main\AndroidManifest.xml:55:19-76
74        <activity
74-->src\main\AndroidManifest.xml:56:9-58:62
75            android:name="com.besome.sketch.help.SystemSettingActivity"
75-->src\main\AndroidManifest.xml:57:13-72
76            android:configChanges="orientation|screenSize" />
76-->src\main\AndroidManifest.xml:58:13-59
77        <activity android:name="com.besome.sketch.help.SystemInfoActivity" />
77-->src\main\AndroidManifest.xml:59:9-78
77-->src\main\AndroidManifest.xml:59:19-75
78        <activity
78-->src\main\AndroidManifest.xml:60:9-65:73
79            android:name="com.besome.sketch.editor.LogicEditorActivity"
79-->src\main\AndroidManifest.xml:61:13-72
80            android:configChanges="orientation|screenSize"
80-->src\main\AndroidManifest.xml:62:13-59
81            android:hardwareAccelerated="false"
81-->src\main\AndroidManifest.xml:63:13-48
82            android:theme="@style/Theme.SketchwarePro.SmallToolbar"
82-->src\main\AndroidManifest.xml:64:13-68
83            android:windowSoftInputMode="adjustPan|stateAlwaysHidden" />
83-->src\main\AndroidManifest.xml:65:13-70
84        <activity
84-->src\main\AndroidManifest.xml:66:9-68:62
85            android:name="com.besome.sketch.editor.PropertyActivity"
85-->src\main\AndroidManifest.xml:67:13-69
86            android:configChanges="orientation|screenSize" />
86-->src\main\AndroidManifest.xml:68:13-59
87        <activity
87-->src\main\AndroidManifest.xml:69:9-71:62
88            android:name="com.besome.sketch.editor.makeblock.MakeBlockActivity"
88-->src\main\AndroidManifest.xml:70:13-80
89            android:configChanges="orientation|screenSize" />
89-->src\main\AndroidManifest.xml:71:13-59
90        <activity
90-->src\main\AndroidManifest.xml:72:9-74:70
91            android:name="com.besome.sketch.projects.MyProjectSettingActivity"
91-->src\main\AndroidManifest.xml:73:13-79
92            android:windowSoftInputMode="adjustResize|stateHidden" />
92-->src\main\AndroidManifest.xml:74:13-67
93        <activity android:name="com.besome.sketch.tools.CompileLogActivity" />
93-->src\main\AndroidManifest.xml:76:9-79
93-->src\main\AndroidManifest.xml:76:19-76
94        <activity android:name="com.besome.sketch.tools.CollectErrorActivity" />
94-->src\main\AndroidManifest.xml:77:9-81
94-->src\main\AndroidManifest.xml:77:19-78
95        <activity
95-->src\main\AndroidManifest.xml:78:9-80:62
96            android:name="com.besome.sketch.tools.NewKeyStoreActivity"
96-->src\main\AndroidManifest.xml:79:13-71
97            android:configChanges="orientation|screenSize" />
97-->src\main\AndroidManifest.xml:80:13-59
98        <activity
98-->src\main\AndroidManifest.xml:81:9-83:62
99            android:name="com.besome.sketch.export.ExportProjectActivity"
99-->src\main\AndroidManifest.xml:82:13-74
100            android:configChanges="orientation|screenSize" />
100-->src\main\AndroidManifest.xml:83:13-59
101        <activity
101-->src\main\AndroidManifest.xml:84:9-88:71
102            android:name="com.besome.sketch.design.DesignActivity"
102-->src\main\AndroidManifest.xml:85:13-67
103            android:configChanges="orientation|screenSize|screenLayout|smallestScreenSize|keyboardHidden|keyboard"
103-->src\main\AndroidManifest.xml:86:13-115
104            android:theme="@style/Theme.SketchwarePro.SmallToolbar"
104-->src\main\AndroidManifest.xml:88:13-68
105            android:windowSoftInputMode="stateHidden" />
105-->src\main\AndroidManifest.xml:87:13-54
106        <activity
106-->src\main\AndroidManifest.xml:89:9-114:20
107            android:name="pro.sketchware.activities.main.activities.MainActivity"
107-->src\main\AndroidManifest.xml:90:13-82
108            android:configChanges="orientation|screenSize"
108-->src\main\AndroidManifest.xml:91:13-59
109            android:exported="true"
109-->src\main\AndroidManifest.xml:92:13-36
110            android:theme="@style/Theme.SketchwarePro.Starting" >
110-->src\main\AndroidManifest.xml:93:13-64
111            <intent-filter>
111-->src\main\AndroidManifest.xml:94:13-98:29
112                <action android:name="android.intent.action.MAIN" />
112-->src\main\AndroidManifest.xml:95:17-69
112-->src\main\AndroidManifest.xml:95:25-66
113
114                <category android:name="android.intent.category.LAUNCHER" />
114-->src\main\AndroidManifest.xml:97:17-77
114-->src\main\AndroidManifest.xml:97:27-74
115            </intent-filter>
116            <intent-filter>
116-->src\main\AndroidManifest.xml:99:13-113:29
117                <action android:name="android.intent.action.VIEW" />
117-->src\main\AndroidManifest.xml:100:17-69
117-->src\main\AndroidManifest.xml:100:25-66
118
119                <category android:name="android.intent.category.DEFAULT" />
119-->src\main\AndroidManifest.xml:102:17-76
119-->src\main\AndroidManifest.xml:102:27-73
120                <category android:name="android.intent.category.BROWSABLE" />
120-->src\main\AndroidManifest.xml:103:17-78
120-->src\main\AndroidManifest.xml:103:27-75
121
122                <data android:scheme="file" />
122-->src\main\AndroidManifest.xml:105:17-47
122-->src\main\AndroidManifest.xml:105:23-44
123                <data android:scheme="content" />
123-->src\main\AndroidManifest.xml:105:17-47
123-->src\main\AndroidManifest.xml:105:23-44
124                <data android:mimeType="*/*" />
124-->src\main\AndroidManifest.xml:105:17-47
124-->src\main\AndroidManifest.xml:107:23-45
125                <data android:host="*" />
125-->src\main\AndroidManifest.xml:105:17-47
125-->src\main\AndroidManifest.xml:108:23-39
126                <data android:pathPattern=".*\\.swb" />
126-->src\main\AndroidManifest.xml:105:17-47
126-->src\main\AndroidManifest.xml:109:23-53
127                <data android:pathPattern=".*\\..*\\.swb" />
127-->src\main\AndroidManifest.xml:105:17-47
127-->src\main\AndroidManifest.xml:109:23-53
128                <data android:pathPattern=".*\\..*\\..*\\.swb" />
128-->src\main\AndroidManifest.xml:105:17-47
128-->src\main\AndroidManifest.xml:109:23-53
129                <data android:pathPattern=".*\\..*\\..*\\..*\\.swb" />
129-->src\main\AndroidManifest.xml:105:17-47
129-->src\main\AndroidManifest.xml:109:23-53
130            </intent-filter>
131        </activity>
132        <activity
132-->src\main\AndroidManifest.xml:115:9-117:62
133            android:name="com.besome.sketch.editor.manage.view.ManageViewActivity"
133-->src\main\AndroidManifest.xml:116:13-83
134            android:configChanges="orientation|screenSize" />
134-->src\main\AndroidManifest.xml:117:13-59
135        <activity
135-->src\main\AndroidManifest.xml:118:9-120:62
136            android:name="com.besome.sketch.editor.manage.sound.ManageSoundActivity"
136-->src\main\AndroidManifest.xml:119:13-85
137            android:configChanges="orientation|screenSize" />
137-->src\main\AndroidManifest.xml:120:13-59
138        <activity
138-->src\main\AndroidManifest.xml:121:9-123:62
139            android:name="com.besome.sketch.editor.manage.sound.ManageSoundImportActivity"
139-->src\main\AndroidManifest.xml:122:13-91
140            android:configChanges="orientation|screenSize" />
140-->src\main\AndroidManifest.xml:123:13-59
141        <activity
141-->src\main\AndroidManifest.xml:124:9-126:62
142            android:name="com.besome.sketch.editor.manage.image.ManageImageActivity"
142-->src\main\AndroidManifest.xml:125:13-85
143            android:configChanges="orientation|screenSize" />
143-->src\main\AndroidManifest.xml:126:13-59
144        <activity
144-->src\main\AndroidManifest.xml:127:9-129:62
145            android:name="com.besome.sketch.editor.manage.image.ManageImageImportActivity"
145-->src\main\AndroidManifest.xml:128:13-91
146            android:configChanges="orientation|screenSize" />
146-->src\main\AndroidManifest.xml:129:13-59
147        <activity
147-->src\main\AndroidManifest.xml:130:9-132:62
148            android:name="com.besome.sketch.editor.manage.font.ManageFontActivity"
148-->src\main\AndroidManifest.xml:131:13-83
149            android:configChanges="orientation|screenSize" />
149-->src\main\AndroidManifest.xml:132:13-59
150        <activity
150-->src\main\AndroidManifest.xml:133:9-135:62
151            android:name="com.besome.sketch.editor.manage.font.ManageFontImportActivity"
151-->src\main\AndroidManifest.xml:134:13-89
152            android:configChanges="orientation|screenSize" />
152-->src\main\AndroidManifest.xml:135:13-59
153        <activity
153-->src\main\AndroidManifest.xml:136:9-138:62
154            android:name="com.besome.sketch.editor.manage.library.ManageLibraryActivity"
154-->src\main\AndroidManifest.xml:137:13-89
155            android:configChanges="orientation|screenSize" />
155-->src\main\AndroidManifest.xml:138:13-59
156        <activity
156-->src\main\AndroidManifest.xml:139:9-141:62
157            android:name="com.besome.sketch.editor.manage.ManageCollectionActivity"
157-->src\main\AndroidManifest.xml:140:13-84
158            android:configChanges="orientation|screenSize" />
158-->src\main\AndroidManifest.xml:141:13-59
159        <activity
159-->src\main\AndroidManifest.xml:142:9-145:67
160            android:name="com.besome.sketch.editor.manage.ShowWidgetCollectionActivity"
160-->src\main\AndroidManifest.xml:143:13-88
161            android:configChanges="orientation|screenSize"
161-->src\main\AndroidManifest.xml:144:13-59
162            android:windowSoftInputMode="adjustPan|stateHidden" />
162-->src\main\AndroidManifest.xml:145:13-64
163        <activity
163-->src\main\AndroidManifest.xml:146:9-149:84
164            android:name="com.besome.sketch.editor.event.AddEventActivity"
164-->src\main\AndroidManifest.xml:147:13-75
165            android:configChanges="orientation|screenSize"
165-->src\main\AndroidManifest.xml:148:13-59
166            android:theme="@style/Theme.AppCompat.Light.NoActionBar.Translucent" />
166-->src\main\AndroidManifest.xml:149:13-81
167        <activity
167-->src\main\AndroidManifest.xml:150:9-154:70
168            android:name="com.besome.sketch.editor.manage.ViewSelectorActivity"
168-->src\main\AndroidManifest.xml:151:13-80
169            android:configChanges="orientation|screenSize"
169-->src\main\AndroidManifest.xml:152:13-59
170            android:theme="@style/Theme.AppCompat.Light.NoActionBar.Translucent"
170-->src\main\AndroidManifest.xml:153:13-81
171            android:windowSoftInputMode="adjustResize|stateHidden" />
171-->src\main\AndroidManifest.xml:154:13-67
172        <activity
172-->src\main\AndroidManifest.xml:155:9-158:70
173            android:name="com.besome.sketch.editor.manage.view.AddViewActivity"
173-->src\main\AndroidManifest.xml:156:13-80
174            android:configChanges="orientation|screenSize"
174-->src\main\AndroidManifest.xml:157:13-59
175            android:windowSoftInputMode="adjustResize|stateHidden" />
175-->src\main\AndroidManifest.xml:158:13-67
176        <activity
176-->src\main\AndroidManifest.xml:159:9-163:70
177            android:name="com.besome.sketch.editor.manage.view.AddCustomViewActivity"
177-->src\main\AndroidManifest.xml:160:13-86
178            android:configChanges="orientation|screenSize"
178-->src\main\AndroidManifest.xml:161:13-59
179            android:theme="@style/Theme.AppCompat.Light.NoActionBar.Translucent"
179-->src\main\AndroidManifest.xml:162:13-81
180            android:windowSoftInputMode="adjustResize|stateHidden" />
180-->src\main\AndroidManifest.xml:163:13-67
181        <activity
181-->src\main\AndroidManifest.xml:164:9-168:70
182            android:name="com.besome.sketch.editor.manage.image.AddImageActivity"
182-->src\main\AndroidManifest.xml:165:13-82
183            android:configChanges="orientation|screenSize"
183-->src\main\AndroidManifest.xml:166:13-59
184            android:theme="@style/Theme.AppCompat.Light.NoActionBar.Translucent"
184-->src\main\AndroidManifest.xml:167:13-81
185            android:windowSoftInputMode="adjustResize|stateHidden" />
185-->src\main\AndroidManifest.xml:168:13-67
186        <activity
186-->src\main\AndroidManifest.xml:169:9-173:70
187            android:name="com.besome.sketch.editor.manage.sound.AddSoundActivity"
187-->src\main\AndroidManifest.xml:170:13-82
188            android:configChanges="orientation|screenSize"
188-->src\main\AndroidManifest.xml:171:13-59
189            android:theme="@style/Theme.AppCompat.Light.NoActionBar.Translucent"
189-->src\main\AndroidManifest.xml:172:13-81
190            android:windowSoftInputMode="adjustResize|stateHidden" />
190-->src\main\AndroidManifest.xml:173:13-67
191        <activity
191-->src\main\AndroidManifest.xml:174:9-178:70
192            android:name="com.besome.sketch.editor.manage.font.AddFontActivity"
192-->src\main\AndroidManifest.xml:175:13-80
193            android:configChanges="orientation|screenSize"
193-->src\main\AndroidManifest.xml:176:13-59
194            android:theme="@style/Theme.AppCompat.Light.NoActionBar.Translucent"
194-->src\main\AndroidManifest.xml:177:13-81
195            android:windowSoftInputMode="adjustResize|stateHidden" />
195-->src\main\AndroidManifest.xml:178:13-67
196        <activity
196-->src\main\AndroidManifest.xml:179:9-184:67
197            android:name="com.besome.sketch.editor.manage.ShowBlockCollectionActivity"
197-->src\main\AndroidManifest.xml:180:13-87
198            android:configChanges="orientation|screenSize"
198-->src\main\AndroidManifest.xml:181:13-59
199            android:hardwareAccelerated="false"
199-->src\main\AndroidManifest.xml:182:13-48
200            android:theme="@style/Theme.AppCompat.Light.NoActionBar.Translucent"
200-->src\main\AndroidManifest.xml:183:13-81
201            android:windowSoftInputMode="adjustPan|stateHidden" />
201-->src\main\AndroidManifest.xml:184:13-64
202        <activity
202-->src\main\AndroidManifest.xml:185:9-190:67
203            android:name="com.besome.sketch.editor.manage.ShowMoreBlockCollectionActivity"
203-->src\main\AndroidManifest.xml:186:13-91
204            android:configChanges="orientation|screenSize"
204-->src\main\AndroidManifest.xml:187:13-59
205            android:hardwareAccelerated="false"
205-->src\main\AndroidManifest.xml:188:13-48
206            android:theme="@style/Theme.AppCompat.Light.NoActionBar.Translucent"
206-->src\main\AndroidManifest.xml:189:13-81
207            android:windowSoftInputMode="adjustPan|stateHidden" />
207-->src\main\AndroidManifest.xml:190:13-64
208        <activity
208-->src\main\AndroidManifest.xml:191:9-194:70
209            android:name="com.besome.sketch.editor.manage.image.AddImageCollectionActivity"
209-->src\main\AndroidManifest.xml:192:13-92
210            android:theme="@style/Theme.AppCompat.Light.NoActionBar.Translucent"
210-->src\main\AndroidManifest.xml:193:13-81
211            android:windowSoftInputMode="adjustResize|stateHidden" />
211-->src\main\AndroidManifest.xml:194:13-67
212        <activity
212-->src\main\AndroidManifest.xml:195:9-199:70
213            android:name="com.besome.sketch.editor.manage.sound.AddSoundCollectionActivity"
213-->src\main\AndroidManifest.xml:196:13-92
214            android:configChanges="orientation|screenSize"
214-->src\main\AndroidManifest.xml:197:13-59
215            android:theme="@style/Theme.AppCompat.Light.NoActionBar.Translucent"
215-->src\main\AndroidManifest.xml:198:13-81
216            android:windowSoftInputMode="adjustResize|stateHidden" />
216-->src\main\AndroidManifest.xml:199:13-67
217        <activity
217-->src\main\AndroidManifest.xml:200:9-204:70
218            android:name="com.besome.sketch.editor.manage.font.AddFontCollectionActivity"
218-->src\main\AndroidManifest.xml:201:13-90
219            android:configChanges="orientation|screenSize"
219-->src\main\AndroidManifest.xml:202:13-59
220            android:theme="@style/Theme.AppCompat.Light.NoActionBar.Translucent"
220-->src\main\AndroidManifest.xml:203:13-81
221            android:windowSoftInputMode="adjustResize|stateHidden" />
221-->src\main\AndroidManifest.xml:204:13-67
222        <activity
222-->src\main\AndroidManifest.xml:205:9-207:62
223            android:name="com.besome.sketch.editor.manage.library.admob.AdmobActivity"
223-->src\main\AndroidManifest.xml:206:13-87
224            android:configChanges="orientation|screenSize" />
224-->src\main\AndroidManifest.xml:207:13-59
225        <activity
225-->src\main\AndroidManifest.xml:208:9-210:62
226            android:name="com.besome.sketch.editor.manage.library.firebase.FirebaseActivity"
226-->src\main\AndroidManifest.xml:209:13-93
227            android:configChanges="orientation|screenSize" />
227-->src\main\AndroidManifest.xml:210:13-59
228        <activity
228-->src\main\AndroidManifest.xml:211:9-213:62
229            android:name="com.besome.sketch.editor.manage.library.firebase.ManageFirebaseActivity"
229-->src\main\AndroidManifest.xml:212:13-99
230            android:configChanges="orientation|screenSize" />
230-->src\main\AndroidManifest.xml:213:13-59
231        <activity
231-->src\main\AndroidManifest.xml:214:9-216:62
232            android:name="com.besome.sketch.editor.manage.library.admob.ManageAdmobActivity"
232-->src\main\AndroidManifest.xml:215:13-93
233            android:configChanges="orientation|screenSize" />
233-->src\main\AndroidManifest.xml:216:13-59
234        <activity
234-->src\main\AndroidManifest.xml:217:9-219:62
235            android:name="com.besome.sketch.editor.manage.library.compat.ManageCompatActivity"
235-->src\main\AndroidManifest.xml:218:13-95
236            android:configChanges="orientation|screenSize" />
236-->src\main\AndroidManifest.xml:219:13-59
237        <activity
237-->src\main\AndroidManifest.xml:220:9-222:62
238            android:name="com.besome.sketch.editor.manage.library.googlemap.ManageGoogleMapActivity"
238-->src\main\AndroidManifest.xml:221:13-101
239            android:configChanges="orientation|screenSize" />
239-->src\main\AndroidManifest.xml:222:13-59
240        <activity
240-->src\main\AndroidManifest.xml:223:9-225:62
241            android:name="dev.aldi.sayuti.editor.manage.ManageLocalLibraryActivity"
241-->src\main\AndroidManifest.xml:224:13-84
242            android:configChanges="orientation|screenSize" />
242-->src\main\AndroidManifest.xml:225:13-59
243        <activity
243-->src\main\AndroidManifest.xml:226:9-229:57
244            android:name="mod.agus.jcoderz.editor.manage.permission.ManagePermissionActivity"
244-->src\main\AndroidManifest.xml:227:13-94
245            android:configChanges="orientation|screenSize|keyboardHidden"
245-->src\main\AndroidManifest.xml:228:13-74
246            android:windowSoftInputMode="stateHidden" />
246-->src\main\AndroidManifest.xml:229:13-54
247        <activity
247-->src\main\AndroidManifest.xml:230:9-232:62
248            android:name="mod.agus.jcoderz.editor.manage.resource.ManageResourceActivity"
248-->src\main\AndroidManifest.xml:231:13-90
249            android:configChanges="orientation|screenSize" />
249-->src\main\AndroidManifest.xml:232:13-59
250        <activity
250-->src\main\AndroidManifest.xml:233:9-235:62
251            android:name="mod.hey.studios.activity.managers.assets.ManageAssetsActivity"
251-->src\main\AndroidManifest.xml:234:13-89
252            android:configChanges="orientation|screenSize" />
252-->src\main\AndroidManifest.xml:235:13-59
253        <activity
253-->src\main\AndroidManifest.xml:236:9-238:62
254            android:name="mod.hey.studios.activity.managers.java.ManageJavaActivity"
254-->src\main\AndroidManifest.xml:237:13-85
255            android:configChanges="orientation|screenSize" />
255-->src\main\AndroidManifest.xml:238:13-59
256        <activity
256-->src\main\AndroidManifest.xml:239:9-241:62
257            android:name="mod.hey.studios.activity.managers.nativelib.ManageNativelibsActivity"
257-->src\main\AndroidManifest.xml:240:13-96
258            android:configChanges="orientation|screenSize" />
258-->src\main\AndroidManifest.xml:241:13-59
259        <activity
259-->src\main\AndroidManifest.xml:242:9-244:62
260            android:name="mod.hey.studios.code.SrcCodeEditor"
260-->src\main\AndroidManifest.xml:243:13-62
261            android:configChanges="orientation|screenSize" />
261-->src\main\AndroidManifest.xml:244:13-59
262        <activity
262-->src\main\AndroidManifest.xml:245:9-247:62
263            android:name="mod.hey.studios.project.proguard.ManageProguardActivity"
263-->src\main\AndroidManifest.xml:246:13-83
264            android:configChanges="orientation|screenSize" />
264-->src\main\AndroidManifest.xml:247:13-59
265        <activity
265-->src\main\AndroidManifest.xml:248:9-250:62
266            android:name="mod.hilal.saif.activities.android_manifest.AndroidManifestInjection"
266-->src\main\AndroidManifest.xml:249:13-95
267            android:configChanges="orientation|screenSize" />
267-->src\main\AndroidManifest.xml:250:13-59
268        <activity
268-->src\main\AndroidManifest.xml:251:9-254:63
269            android:name="mod.hilal.saif.activities.android_manifest.AndroidManifestInjectionDetails"
269-->src\main\AndroidManifest.xml:252:13-102
270            android:configChanges="orientation|screenSize"
270-->src\main\AndroidManifest.xml:253:13-59
271            android:windowSoftInputMode="stateAlwaysHidden" />
271-->src\main\AndroidManifest.xml:254:13-60
272        <activity
272-->src\main\AndroidManifest.xml:255:9-257:62
273            android:name="mod.hilal.saif.activities.tools.BlocksManager"
273-->src\main\AndroidManifest.xml:256:13-73
274            android:configChanges="orientation|screenSize" />
274-->src\main\AndroidManifest.xml:257:13-59
275        <activity
275-->src\main\AndroidManifest.xml:258:9-260:62
276            android:name="mod.hilal.saif.activities.tools.BlocksManagerCreatorActivity"
276-->src\main\AndroidManifest.xml:259:13-88
277            android:configChanges="orientation|screenSize" />
277-->src\main\AndroidManifest.xml:260:13-59
278        <activity
278-->src\main\AndroidManifest.xml:261:9-263:62
279            android:name="mod.hilal.saif.activities.tools.BlocksManagerDetailsActivity"
279-->src\main\AndroidManifest.xml:262:13-88
280            android:configChanges="orientation|screenSize" />
280-->src\main\AndroidManifest.xml:263:13-59
281        <activity
281-->src\main\AndroidManifest.xml:264:9-266:62
282            android:name="mod.hilal.saif.activities.tools.ConfigActivity"
282-->src\main\AndroidManifest.xml:265:13-74
283            android:configChanges="orientation|screenSize" />
283-->src\main\AndroidManifest.xml:266:13-59
284        <activity